{"/home/joaoc/programming/work/blecksCaveMinecraft/src/theme.ts": {"path":"/home/joaoc/programming/work/blecksCaveMinecraft/src/theme.ts","statementMap":{"0":{"start":{"line":10,"column":17},"end":{"line":10,"column":null}},"1":{"start":{"line":11,"column":17},"end":{"line":11,"column":null}},"2":{"start":{"line":13,"column":2},"end":{"line":18,"column":null}},"3":{"start":{"line":14,"column":4},"end":{"line":14,"column":null}},"4":{"start":{"line":15,"column":4},"end":{"line":15,"column":null}},"5":{"start":{"line":16,"column":4},"end":{"line":16,"column":null}},"6":{"start":{"line":17,"column":4},"end":{"line":17,"column":null}},"7":{"start":{"line":21,"column":2},"end":{"line":23,"column":null}},"8":{"start":{"line":22,"column":4},"end":{"line":22,"column":null}},"9":{"start":{"line":31,"column":15},"end":{"line":31,"column":null}},"10":{"start":{"line":32,"column":15},"end":{"line":32,"column":null}},"11":{"start":{"line":35,"column":2},"end":{"line":37,"column":null}},"12":{"start":{"line":36,"column":4},"end":{"line":36,"column":null}},"13":{"start":{"line":40,"column":2},"end":{"line":40,"column":null}},"14":{"start":{"line":42,"column":2},"end":{"line":46,"column":null}},"15":{"start":{"line":44,"column":28},"end":{"line":44,"column":null}},"16":{"start":{"line":45,"column":4},"end":{"line":45,"column":null}},"17":{"start":{"line":50,"column":2},"end":{"line":54,"column":null}},"18":{"start":{"line":51,"column":4},"end":{"line":53,"column":null}},"19":{"start":{"line":52,"column":6},"end":{"line":52,"column":null}},"20":{"start":{"line":57,"column":2},"end":{"line":57,"column":null}},"21":{"start":{"line":60,"column":2},"end":{"line":60,"column":null}},"22":{"start":{"line":68,"column":18},"end":{"line":68,"column":null}},"23":{"start":{"line":69,"column":2},"end":{"line":73,"column":null}},"24":{"start":{"line":70,"column":4},"end":{"line":70,"column":null}},"25":{"start":{"line":72,"column":4},"end":{"line":72,"column":null}}},"fnMap":{"0":{"name":"loadGoogleFont","decl":{"start":{"line":9,"column":9},"end":{"line":9,"column":24}},"loc":{"start":{"line":9,"column":71},"end":{"line":24,"column":null}},"line":9},"1":{"name":"applyTheme","decl":{"start":{"line":30,"column":16},"end":{"line":30,"column":27}},"loc":{"start":{"line":30,"column":63},"end":{"line":61,"column":null}},"line":30},"2":{"name":"(anonymous_2)","decl":{"start":{"line":42,"column":31},"end":{"line":42,"column":40}},"loc":{"start":{"line":42,"column":60},"end":{"line":46,"column":3}},"line":42},"3":{"name":"(anonymous_3)","decl":{"start":{"line":50,"column":29},"end":{"line":50,"column":37}},"loc":{"start":{"line":50,"column":50},"end":{"line":54,"column":3}},"line":50},"4":{"name":"switchTheme","decl":{"start":{"line":67,"column":16},"end":{"line":67,"column":28}},"loc":{"start":{"line":67,"column":53},"end":{"line":74,"column":null}},"line":67}},"branchMap":{"0":{"loc":{"start":{"line":13,"column":2},"end":{"line":18,"column":null}},"type":"if","locations":[{"start":{"line":13,"column":2},"end":{"line":18,"column":null}},{"start":{},"end":{}}],"line":13},"1":{"loc":{"start":{"line":21,"column":2},"end":{"line":23,"column":null}},"type":"if","locations":[{"start":{"line":21,"column":2},"end":{"line":23,"column":null}},{"start":{},"end":{}}],"line":21},"2":{"loc":{"start":{"line":35,"column":2},"end":{"line":37,"column":null}},"type":"if","locations":[{"start":{"line":35,"column":2},"end":{"line":37,"column":null}},{"start":{},"end":{}}],"line":35},"3":{"loc":{"start":{"line":51,"column":4},"end":{"line":53,"column":null}},"type":"if","locations":[{"start":{"line":51,"column":4},"end":{"line":53,"column":null}},{"start":{},"end":{}}],"line":51},"4":{"loc":{"start":{"line":69,"column":2},"end":{"line":73,"column":null}},"type":"if","locations":[{"start":{"line":69,"column":2},"end":{"line":73,"column":null}},{"start":{"line":71,"column":9},"end":{"line":73,"column":null}}],"line":69}},"s":{"0":4,"1":4,"2":4,"3":1,"4":1,"5":1,"6":1,"7":4,"8":3,"9":4,"10":4,"11":4,"12":4,"13":4,"14":4,"15":32,"16":32,"17":4,"18":1,"19":1,"20":4,"21":4,"22":1,"23":1,"24":0,"25":1},"f":{"0":4,"1":4,"2":32,"3":1,"4":1},"b":{"0":[1,3],"1":[3,1],"2":[4,0],"3":[1,0],"4":[0,1]},"meta":{"lastBranch":5,"lastFunction":5,"lastStatement":26,"seen":{"f:9:9:9:24":0,"s:10:17:10:Infinity":0,"s:11:17:11:Infinity":1,"b:13:2:18:Infinity:undefined:undefined:undefined:undefined":0,"s:13:2:18:Infinity":2,"s:14:4:14:Infinity":3,"s:15:4:15:Infinity":4,"s:16:4:16:Infinity":5,"s:17:4:17:Infinity":6,"b:21:2:23:Infinity:undefined:undefined:undefined:undefined":1,"s:21:2:23:Infinity":7,"s:22:4:22:Infinity":8,"f:30:16:30:27":1,"s:31:15:31:Infinity":9,"s:32:15:32:Infinity":10,"b:35:2:37:Infinity:undefined:undefined:undefined:undefined":2,"s:35:2:37:Infinity":11,"s:36:4:36:Infinity":12,"s:40:2:40:Infinity":13,"s:42:2:46:Infinity":14,"f:42:31:42:40":2,"s:44:28:44:Infinity":15,"s:45:4:45:Infinity":16,"s:50:2:54:Infinity":17,"f:50:29:50:37":3,"b:51:4:53:Infinity:undefined:undefined:undefined:undefined":3,"s:51:4:53:Infinity":18,"s:52:6:52:Infinity":19,"s:57:2:57:Infinity":20,"s:60:2:60:Infinity":21,"f:67:16:67:28":4,"s:68:18:68:Infinity":22,"b:69:2:73:Infinity:71:9:73:Infinity":4,"s:69:2:73:Infinity":23,"s:70:4:70:Infinity":24,"s:72:4:72:Infinity":25}}}
,"/home/joaoc/programming/work/blecksCaveMinecraft/src/wiki-data.ts": {"path":"/home/joaoc/programming/work/blecksCaveMinecraft/src/wiki-data.ts","statementMap":{"0":{"start":{"line":4,"column":46},"end":{"line":22,"column":null}},"1":{"start":{"line":24,"column":36},"end":{"line":29,"column":null}},"2":{"start":{"line":31,"column":49},"end":{"line":163,"column":null}}},"fnMap":{},"branchMap":{},"s":{"0":2,"1":2,"2":2},"f":{},"b":{},"meta":{"lastBranch":0,"lastFunction":0,"lastStatement":3,"seen":{"s:4:46:22:Infinity":0,"s:24:36:29:Infinity":1,"s:31:49:163:Infinity":2}}}
,"/home/joaoc/programming/work/blecksCaveMinecraft/src/components/ui/Alert.ts": {"path":"/home/joaoc/programming/work/blecksCaveMinecraft/src/components/ui/Alert.ts","statementMap":{"0":{"start":{"line":15,"column":20},"end":{"line":15,"column":null}},"1":{"start":{"line":16,"column":2},"end":{"line":16,"column":null}},"2":{"start":{"line":17,"column":2},"end":{"line":17,"column":null}},"3":{"start":{"line":19,"column":2},"end":{"line":21,"column":null}},"4":{"start":{"line":20,"column":4},"end":{"line":20,"column":null}},"5":{"start":{"line":20,"column":60},"end":{"line":20,"column":86}},"6":{"start":{"line":24,"column":16},"end":{"line":24,"column":null}},"7":{"start":{"line":25,"column":21},"end":{"line":25,"column":null}},"8":{"start":{"line":27,"column":2},"end":{"line":45,"column":null}},"9":{"start":{"line":30,"column":6},"end":{"line":30,"column":null}},"10":{"start":{"line":31,"column":6},"end":{"line":31,"column":null}},"11":{"start":{"line":32,"column":6},"end":{"line":32,"column":null}},"12":{"start":{"line":34,"column":6},"end":{"line":34,"column":null}},"13":{"start":{"line":35,"column":6},"end":{"line":35,"column":null}},"14":{"start":{"line":36,"column":6},"end":{"line":36,"column":null}},"15":{"start":{"line":38,"column":6},"end":{"line":38,"column":null}},"16":{"start":{"line":39,"column":6},"end":{"line":39,"column":null}},"17":{"start":{"line":40,"column":6},"end":{"line":40,"column":null}},"18":{"start":{"line":42,"column":6},"end":{"line":42,"column":null}},"19":{"start":{"line":43,"column":6},"end":{"line":43,"column":null}},"20":{"start":{"line":44,"column":6},"end":{"line":44,"column":null}},"21":{"start":{"line":47,"column":21},"end":{"line":47,"column":null}},"22":{"start":{"line":48,"column":2},"end":{"line":50,"column":null}},"23":{"start":{"line":53,"column":2},"end":{"line":53,"column":null}}},"fnMap":{"0":{"name":"Alert","decl":{"start":{"line":14,"column":16},"end":{"line":14,"column":22}},"loc":{"start":{"line":14,"column":54},"end":{"line":54,"column":null}},"line":14},"1":{"name":"(anonymous_1)","decl":{"start":{"line":20,"column":47},"end":{"line":20,"column":55}},"loc":{"start":{"line":20,"column":60},"end":{"line":20,"column":86}},"line":20}},"branchMap":{"0":{"loc":{"start":{"line":19,"column":2},"end":{"line":21,"column":null}},"type":"if","locations":[{"start":{"line":19,"column":2},"end":{"line":21,"column":null}},{"start":{},"end":{}}],"line":19},"1":{"loc":{"start":{"line":27,"column":2},"end":{"line":45,"column":null}},"type":"switch","locations":[{"start":{"line":28,"column":4},"end":{"line":28,"column":null}},{"start":{"line":29,"column":4},"end":{"line":32,"column":null}},{"start":{"line":33,"column":4},"end":{"line":36,"column":null}},{"start":{"line":37,"column":4},"end":{"line":40,"column":null}},{"start":{"line":41,"column":4},"end":{"line":44,"column":null}}],"line":27},"2":{"loc":{"start":{"line":47,"column":21},"end":{"line":47,"column":null}},"type":"binary-expr","locations":[{"start":{"line":47,"column":21},"end":{"line":47,"column":36}},{"start":{"line":47,"column":36},"end":{"line":47,"column":null}}],"line":47}},"s":{"0":5,"1":5,"2":5,"3":5,"4":0,"5":0,"6":5,"7":5,"8":5,"9":1,"10":1,"11":1,"12":2,"13":2,"14":2,"15":1,"16":1,"17":1,"18":1,"19":1,"20":1,"21":5,"22":5,"23":5},"f":{"0":5,"1":0},"b":{"0":[0,5],"1":[1,1,2,1,1],"2":[5,4]},"meta":{"lastBranch":3,"lastFunction":2,"lastStatement":24,"seen":{"f:14:16:14:22":0,"s:15:20:15:Infinity":0,"s:16:2:16:Infinity":1,"s:17:2:17:Infinity":2,"b:19:2:21:Infinity:undefined:undefined:undefined:undefined":0,"s:19:2:21:Infinity":3,"s:20:4:20:Infinity":4,"f:20:47:20:55":1,"s:20:60:20:86":5,"s:24:16:24:Infinity":6,"s:25:21:25:Infinity":7,"b:28:4:28:Infinity:29:4:32:Infinity:33:4:36:Infinity:37:4:40:Infinity:41:4:44:Infinity":1,"s:27:2:45:Infinity":8,"s:30:6:30:Infinity":9,"s:31:6:31:Infinity":10,"s:32:6:32:Infinity":11,"s:34:6:34:Infinity":12,"s:35:6:35:Infinity":13,"s:36:6:36:Infinity":14,"s:38:6:38:Infinity":15,"s:39:6:39:Infinity":16,"s:40:6:40:Infinity":17,"s:42:6:42:Infinity":18,"s:43:6:43:Infinity":19,"s:44:6:44:Infinity":20,"s:47:21:47:Infinity":21,"b:47:21:47:36:47:36:47:Infinity":2,"s:48:2:50:Infinity":22,"s:53:2:53:Infinity":23}}}
,"/home/joaoc/programming/work/blecksCaveMinecraft/src/components/ui/Button.ts": {"path":"/home/joaoc/programming/work/blecksCaveMinecraft/src/components/ui/Button.ts","statementMap":{"0":{"start":{"line":20,"column":14},"end":{"line":20,"column":null}},"1":{"start":{"line":23,"column":2},"end":{"line":23,"column":null}},"2":{"start":{"line":24,"column":2},"end":{"line":26,"column":null}},"3":{"start":{"line":25,"column":4},"end":{"line":25,"column":null}},"4":{"start":{"line":27,"column":2},"end":{"line":29,"column":null}},"5":{"start":{"line":28,"column":4},"end":{"line":28,"column":null}},"6":{"start":{"line":28,"column":60},"end":{"line":28,"column":80}},"7":{"start":{"line":31,"column":2},"end":{"line":36,"column":null}},"8":{"start":{"line":32,"column":4},"end":{"line":32,"column":null}},"9":{"start":{"line":33,"column":4},"end":{"line":33,"column":null}},"10":{"start":{"line":35,"column":4},"end":{"line":35,"column":null}},"11":{"start":{"line":38,"column":2},"end":{"line":40,"column":null}},"12":{"start":{"line":39,"column":4},"end":{"line":39,"column":null}},"13":{"start":{"line":42,"column":2},"end":{"line":44,"column":null}},"14":{"start":{"line":43,"column":4},"end":{"line":43,"column":null}},"15":{"start":{"line":47,"column":2},"end":{"line":51,"column":null}},"16":{"start":{"line":48,"column":4},"end":{"line":48,"column":null}},"17":{"start":{"line":49,"column":9},"end":{"line":51,"column":null}},"18":{"start":{"line":50,"column":4},"end":{"line":50,"column":null}},"19":{"start":{"line":54,"column":2},"end":{"line":64,"column":null}},"20":{"start":{"line":55,"column":4},"end":{"line":55,"column":null}},"21":{"start":{"line":55,"column":25},"end":{"line":55,"column":32}},"22":{"start":{"line":57,"column":4},"end":{"line":59,"column":null}},"23":{"start":{"line":58,"column":6},"end":{"line":58,"column":null}},"24":{"start":{"line":61,"column":4},"end":{"line":63,"column":null}},"25":{"start":{"line":62,"column":6},"end":{"line":62,"column":null}},"26":{"start":{"line":66,"column":2},"end":{"line":66,"column":null}}},"fnMap":{"0":{"name":"Button","decl":{"start":{"line":19,"column":16},"end":{"line":19,"column":23}},"loc":{"start":{"line":19,"column":62},"end":{"line":67,"column":null}},"line":19},"1":{"name":"(anonymous_1)","decl":{"start":{"line":28,"column":47},"end":{"line":28,"column":55}},"loc":{"start":{"line":28,"column":60},"end":{"line":28,"column":80}},"line":28},"2":{"name":"(anonymous_2)","decl":{"start":{"line":54,"column":23},"end":{"line":54,"column":33}},"loc":{"start":{"line":54,"column":39},"end":{"line":64,"column":3}},"line":54}},"branchMap":{"0":{"loc":{"start":{"line":24,"column":2},"end":{"line":26,"column":null}},"type":"if","locations":[{"start":{"line":24,"column":2},"end":{"line":26,"column":null}},{"start":{},"end":{}}],"line":24},"1":{"loc":{"start":{"line":27,"column":2},"end":{"line":29,"column":null}},"type":"if","locations":[{"start":{"line":27,"column":2},"end":{"line":29,"column":null}},{"start":{},"end":{}}],"line":27},"2":{"loc":{"start":{"line":31,"column":2},"end":{"line":36,"column":null}},"type":"if","locations":[{"start":{"line":31,"column":2},"end":{"line":36,"column":null}},{"start":{"line":34,"column":9},"end":{"line":36,"column":null}}],"line":31},"3":{"loc":{"start":{"line":38,"column":2},"end":{"line":40,"column":null}},"type":"if","locations":[{"start":{"line":38,"column":2},"end":{"line":40,"column":null}},{"start":{},"end":{}}],"line":38},"4":{"loc":{"start":{"line":42,"column":2},"end":{"line":44,"column":null}},"type":"if","locations":[{"start":{"line":42,"column":2},"end":{"line":44,"column":null}},{"start":{},"end":{}}],"line":42},"5":{"loc":{"start":{"line":47,"column":2},"end":{"line":51,"column":null}},"type":"if","locations":[{"start":{"line":47,"column":2},"end":{"line":51,"column":null}},{"start":{"line":49,"column":9},"end":{"line":51,"column":null}}],"line":47},"6":{"loc":{"start":{"line":49,"column":9},"end":{"line":51,"column":null}},"type":"if","locations":[{"start":{"line":49,"column":9},"end":{"line":51,"column":null}},{"start":{},"end":{}}],"line":49},"7":{"loc":{"start":{"line":55,"column":4},"end":{"line":55,"column":null}},"type":"if","locations":[{"start":{"line":55,"column":4},"end":{"line":55,"column":null}},{"start":{},"end":{}}],"line":55},"8":{"loc":{"start":{"line":57,"column":4},"end":{"line":59,"column":null}},"type":"if","locations":[{"start":{"line":57,"column":4},"end":{"line":59,"column":null}},{"start":{},"end":{}}],"line":57},"9":{"loc":{"start":{"line":61,"column":4},"end":{"line":63,"column":null}},"type":"if","locations":[{"start":{"line":61,"column":4},"end":{"line":63,"column":null}},{"start":{},"end":{}}],"line":61}},"s":{"0":4,"1":4,"2":4,"3":1,"4":4,"5":0,"6":0,"7":4,"8":1,"9":1,"10":3,"11":4,"12":1,"13":4,"14":0,"15":4,"16":0,"17":4,"18":4,"19":4,"20":1,"21":0,"22":1,"23":1,"24":1,"25":1,"26":4},"f":{"0":4,"1":0,"2":1},"b":{"0":[1,3],"1":[0,4],"2":[1,3],"3":[1,3],"4":[0,4],"5":[0,4],"6":[4,0],"7":[0,1],"8":[1,0],"9":[1,0]},"meta":{"lastBranch":10,"lastFunction":3,"lastStatement":27,"seen":{"f:19:16:19:23":0,"s:20:14:20:Infinity":0,"s:23:2:23:Infinity":1,"b:24:2:26:Infinity:undefined:undefined:undefined:undefined":0,"s:24:2:26:Infinity":2,"s:25:4:25:Infinity":3,"b:27:2:29:Infinity:undefined:undefined:undefined:undefined":1,"s:27:2:29:Infinity":4,"s:28:4:28:Infinity":5,"f:28:47:28:55":1,"s:28:60:28:80":6,"b:31:2:36:Infinity:34:9:36:Infinity":2,"s:31:2:36:Infinity":7,"s:32:4:32:Infinity":8,"s:33:4:33:Infinity":9,"s:35:4:35:Infinity":10,"b:38:2:40:Infinity:undefined:undefined:undefined:undefined":3,"s:38:2:40:Infinity":11,"s:39:4:39:Infinity":12,"b:42:2:44:Infinity:undefined:undefined:undefined:undefined":4,"s:42:2:44:Infinity":13,"s:43:4:43:Infinity":14,"b:47:2:51:Infinity:49:9:51:Infinity":5,"s:47:2:51:Infinity":15,"s:48:4:48:Infinity":16,"b:49:9:51:Infinity:undefined:undefined:undefined:undefined":6,"s:49:9:51:Infinity":17,"s:50:4:50:Infinity":18,"s:54:2:64:Infinity":19,"f:54:23:54:33":2,"b:55:4:55:Infinity:undefined:undefined:undefined:undefined":7,"s:55:4:55:Infinity":20,"s:55:25:55:32":21,"b:57:4:59:Infinity:undefined:undefined:undefined:undefined":8,"s:57:4:59:Infinity":22,"s:58:6:58:Infinity":23,"b:61:4:63:Infinity:undefined:undefined:undefined:undefined":9,"s:61:4:63:Infinity":24,"s:62:6:62:Infinity":25,"s:66:2:66:Infinity":26}}}
,"/home/joaoc/programming/work/blecksCaveMinecraft/src/components/ui/Card.ts": {"path":"/home/joaoc/programming/work/blecksCaveMinecraft/src/components/ui/Card.ts","statementMap":{"0":{"start":{"line":17,"column":15},"end":{"line":17,"column":null}},"1":{"start":{"line":20,"column":2},"end":{"line":20,"column":null}},"2":{"start":{"line":21,"column":2},"end":{"line":23,"column":null}},"3":{"start":{"line":22,"column":4},"end":{"line":22,"column":null}},"4":{"start":{"line":24,"column":2},"end":{"line":26,"column":null}},"5":{"start":{"line":25,"column":4},"end":{"line":25,"column":null}},"6":{"start":{"line":27,"column":2},"end":{"line":29,"column":null}},"7":{"start":{"line":28,"column":4},"end":{"line":28,"column":null}},"8":{"start":{"line":28,"column":60},"end":{"line":28,"column":81}},"9":{"start":{"line":32,"column":2},"end":{"line":32,"column":null}},"10":{"start":{"line":33,"column":2},"end":{"line":33,"column":null}},"11":{"start":{"line":34,"column":2},"end":{"line":34,"column":null}},"12":{"start":{"line":35,"column":2},"end":{"line":35,"column":null}},"13":{"start":{"line":36,"column":2},"end":{"line":38,"column":null}},"14":{"start":{"line":37,"column":4},"end":{"line":37,"column":null}},"15":{"start":{"line":41,"column":2},"end":{"line":41,"column":null}},"16":{"start":{"line":44,"column":19},"end":{"line":44,"column":null}},"17":{"start":{"line":46,"column":2},"end":{"line":54,"column":null}},"18":{"start":{"line":62,"column":8},"end":{"line":67,"column":null}},"19":{"start":{"line":63,"column":4},"end":{"line":63,"column":null}},"20":{"start":{"line":64,"column":4},"end":{"line":66,"column":null}},"21":{"start":{"line":65,"column":6},"end":{"line":65,"column":null}},"22":{"start":{"line":69,"column":2},"end":{"line":69,"column":null}},"23":{"start":{"line":71,"column":2},"end":{"line":76,"column":null}},"24":{"start":{"line":72,"column":4},"end":{"line":75,"column":null}},"25":{"start":{"line":73,"column":6},"end":{"line":73,"column":null}},"26":{"start":{"line":74,"column":6},"end":{"line":74,"column":null}},"27":{"start":{"line":78,"column":2},"end":{"line":78,"column":null}}},"fnMap":{"0":{"name":"Card","decl":{"start":{"line":16,"column":16},"end":{"line":16,"column":21}},"loc":{"start":{"line":16,"column":52},"end":{"line":79,"column":null}},"line":16},"1":{"name":"(anonymous_1)","decl":{"start":{"line":28,"column":47},"end":{"line":28,"column":55}},"loc":{"start":{"line":28,"column":60},"end":{"line":28,"column":81}},"line":28},"2":{"name":"(anonymous_2)","decl":{"start":{"line":62,"column":8},"end":{"line":62,"column":29}},"loc":{"start":{"line":62,"column":29},"end":{"line":67,"column":null}},"line":62},"3":{"name":"(anonymous_3)","decl":{"start":{"line":71,"column":24},"end":{"line":71,"column":36}},"loc":{"start":{"line":71,"column":57},"end":{"line":76,"column":3}},"line":71}},"branchMap":{"0":{"loc":{"start":{"line":21,"column":2},"end":{"line":23,"column":null}},"type":"if","locations":[{"start":{"line":21,"column":2},"end":{"line":23,"column":null}},{"start":{},"end":{}}],"line":21},"1":{"loc":{"start":{"line":24,"column":2},"end":{"line":26,"column":null}},"type":"if","locations":[{"start":{"line":24,"column":2},"end":{"line":26,"column":null}},{"start":{},"end":{}}],"line":24},"2":{"loc":{"start":{"line":27,"column":2},"end":{"line":29,"column":null}},"type":"if","locations":[{"start":{"line":27,"column":2},"end":{"line":29,"column":null}},{"start":{},"end":{}}],"line":27},"3":{"loc":{"start":{"line":36,"column":2},"end":{"line":38,"column":null}},"type":"if","locations":[{"start":{"line":36,"column":2},"end":{"line":38,"column":null}},{"start":{},"end":{}}],"line":36},"4":{"loc":{"start":{"line":44,"column":19},"end":{"line":44,"column":null}},"type":"binary-expr","locations":[{"start":{"line":44,"column":19},"end":{"line":44,"column":48}},{"start":{"line":44,"column":48},"end":{"line":44,"column":null}}],"line":44},"5":{"loc":{"start":{"line":47,"column":6},"end":{"line":47,"column":null}},"type":"cond-expr","locations":[{"start":{"line":47,"column":30},"end":{"line":47,"column":85}},{"start":{"line":47,"column":85},"end":{"line":47,"column":null}}],"line":47},"6":{"loc":{"start":{"line":54,"column":31},"end":{"line":54,"column":70}},"type":"binary-expr","locations":[{"start":{"line":54,"column":31},"end":{"line":54,"column":67}},{"start":{"line":54,"column":67},"end":{"line":54,"column":70}}],"line":54},"7":{"loc":{"start":{"line":54,"column":75},"end":{"line":54,"column":111}},"type":"binary-expr","locations":[{"start":{"line":54,"column":75},"end":{"line":54,"column":108}},{"start":{"line":54,"column":108},"end":{"line":54,"column":111}}],"line":54},"8":{"loc":{"start":{"line":64,"column":4},"end":{"line":66,"column":null}},"type":"if","locations":[{"start":{"line":64,"column":4},"end":{"line":66,"column":null}},{"start":{},"end":{}}],"line":64},"9":{"loc":{"start":{"line":72,"column":4},"end":{"line":75,"column":null}},"type":"if","locations":[{"start":{"line":72,"column":4},"end":{"line":75,"column":null}},{"start":{},"end":{}}],"line":72},"10":{"loc":{"start":{"line":72,"column":8},"end":{"line":72,"column":44}},"type":"binary-expr","locations":[{"start":{"line":72,"column":8},"end":{"line":72,"column":29}},{"start":{"line":72,"column":29},"end":{"line":72,"column":44}}],"line":72}},"s":{"0":2,"1":2,"2":2,"3":1,"4":2,"5":0,"6":2,"7":0,"8":0,"9":2,"10":2,"11":2,"12":2,"13":2,"14":2,"15":2,"16":2,"17":2,"18":2,"19":1,"20":1,"21":1,"22":2,"23":2,"24":1,"25":1,"26":1,"27":2},"f":{"0":2,"1":0,"2":1,"3":1},"b":{"0":[1,1],"1":[0,2],"2":[0,2],"3":[2,0],"4":[2,0],"5":[0,2],"6":[2,0],"7":[2,0],"8":[1,0],"9":[1,0],"10":[1,0]},"meta":{"lastBranch":11,"lastFunction":4,"lastStatement":28,"seen":{"f:16:16:16:21":0,"s:17:15:17:Infinity":0,"s:20:2:20:Infinity":1,"b:21:2:23:Infinity:undefined:undefined:undefined:undefined":0,"s:21:2:23:Infinity":2,"s:22:4:22:Infinity":3,"b:24:2:26:Infinity:undefined:undefined:undefined:undefined":1,"s:24:2:26:Infinity":4,"s:25:4:25:Infinity":5,"b:27:2:29:Infinity:undefined:undefined:undefined:undefined":2,"s:27:2:29:Infinity":6,"s:28:4:28:Infinity":7,"f:28:47:28:55":1,"s:28:60:28:81":8,"s:32:2:32:Infinity":9,"s:33:2:33:Infinity":10,"s:34:2:34:Infinity":11,"s:35:2:35:Infinity":12,"b:36:2:38:Infinity:undefined:undefined:undefined:undefined":3,"s:36:2:38:Infinity":13,"s:37:4:37:Infinity":14,"s:41:2:41:Infinity":15,"s:44:19:44:Infinity":16,"b:44:19:44:48:44:48:44:Infinity":4,"s:46:2:54:Infinity":17,"b:47:30:47:85:47:85:47:Infinity":5,"b:54:31:54:67:54:67:54:70":6,"b:54:75:54:108:54:108:54:111":7,"s:62:8:67:Infinity":18,"f:62:8:62:29":2,"s:63:4:63:Infinity":19,"b:64:4:66:Infinity:undefined:undefined:undefined:undefined":8,"s:64:4:66:Infinity":20,"s:65:6:65:Infinity":21,"s:69:2:69:Infinity":22,"s:71:2:76:Infinity":23,"f:71:24:71:36":3,"b:72:4:75:Infinity:undefined:undefined:undefined:undefined":9,"s:72:4:75:Infinity":24,"b:72:8:72:29:72:29:72:44":10,"s:73:6:73:Infinity":25,"s:74:6:74:Infinity":26,"s:78:2:78:Infinity":27}}}
,"/home/joaoc/programming/work/blecksCaveMinecraft/src/components/ui/Modal.ts": {"path":"/home/joaoc/programming/work/blecksCaveMinecraft/src/components/ui/Modal.ts","statementMap":{"0":{"start":{"line":16,"column":4},"end":{"line":16,"column":null}},"1":{"start":{"line":17,"column":4},"end":{"line":17,"column":null}},"2":{"start":{"line":18,"column":4},"end":{"line":18,"column":null}},"3":{"start":{"line":19,"column":4},"end":{"line":21,"column":null}},"4":{"start":{"line":20,"column":6},"end":{"line":20,"column":null}},"5":{"start":{"line":20,"column":62},"end":{"line":20,"column":90}},"6":{"start":{"line":22,"column":4},"end":{"line":24,"column":null}},"7":{"start":{"line":23,"column":6},"end":{"line":23,"column":null}},"8":{"start":{"line":27,"column":4},"end":{"line":38,"column":null}},"9":{"start":{"line":28,"column":19},"end":{"line":28,"column":null}},"10":{"start":{"line":30,"column":8},"end":{"line":33,"column":null}},"11":{"start":{"line":35,"column":6},"end":{"line":37,"column":null}},"12":{"start":{"line":36,"column":8},"end":{"line":36,"column":null}},"13":{"start":{"line":41,"column":4},"end":{"line":44,"column":null}},"14":{"start":{"line":42,"column":6},"end":{"line":42,"column":null}},"15":{"start":{"line":43,"column":6},"end":{"line":43,"column":null}},"16":{"start":{"line":46,"column":4},"end":{"line":46,"column":null}},"17":{"start":{"line":50,"column":4},"end":{"line":50,"column":null}},"18":{"start":{"line":51,"column":4},"end":{"line":51,"column":null}},"19":{"start":{"line":55,"column":4},"end":{"line":57,"column":null}},"20":{"start":{"line":56,"column":6},"end":{"line":56,"column":null}},"21":{"start":{"line":61,"column":4},"end":{"line":66,"column":null}},"22":{"start":{"line":62,"column":6},"end":{"line":62,"column":null}},"23":{"start":{"line":63,"column":6},"end":{"line":65,"column":null}},"24":{"start":{"line":64,"column":8},"end":{"line":64,"column":null}},"25":{"start":{"line":70,"column":4},"end":{"line":70,"column":null}},"26":{"start":{"line":74,"column":4},"end":{"line":74,"column":null}},"27":{"start":{"line":75,"column":4},"end":{"line":75,"column":null}}},"fnMap":{"0":{"name":"constructor","decl":{"start":{"line":15,"column":2},"end":{"line":15,"column":14}},"loc":{"start":{"line":15,"column":38},"end":{"line":47,"column":null}},"line":15},"1":{"name":"(anonymous_1)","decl":{"start":{"line":20,"column":49},"end":{"line":20,"column":57}},"loc":{"start":{"line":20,"column":62},"end":{"line":20,"column":90}},"line":20},"2":{"name":"(anonymous_2)","decl":{"start":{"line":27,"column":33},"end":{"line":27,"column":43}},"loc":{"start":{"line":27,"column":49},"end":{"line":38,"column":5}},"line":27},"3":{"name":"(anonymous_3)","decl":{"start":{"line":41,"column":33},"end":{"line":41,"column":44}},"loc":{"start":{"line":41,"column":50},"end":{"line":44,"column":5}},"line":41},"4":{"name":"setContent","decl":{"start":{"line":49,"column":2},"end":{"line":49,"column":9}},"loc":{"start":{"line":49,"column":48},"end":{"line":52,"column":null}},"line":49},"5":{"name":"open","decl":{"start":{"line":54,"column":2},"end":{"line":54,"column":9}},"loc":{"start":{"line":54,"column":22},"end":{"line":58,"column":null}},"line":54},"6":{"name":"close","decl":{"start":{"line":60,"column":2},"end":{"line":60,"column":9}},"loc":{"start":{"line":60,"column":23},"end":{"line":67,"column":null}},"line":60},"7":{"name":"getElement","decl":{"start":{"line":69,"column":2},"end":{"line":69,"column":9}},"loc":{"start":{"line":69,"column":41},"end":{"line":71,"column":null}},"line":69},"8":{"name":"destroy","decl":{"start":{"line":73,"column":2},"end":{"line":73,"column":9}},"loc":{"start":{"line":73,"column":25},"end":{"line":76,"column":null}},"line":73}},"branchMap":{"0":{"loc":{"start":{"line":15,"column":14},"end":{"line":15,"column":38}},"type":"default-arg","locations":[{"start":{"line":15,"column":34},"end":{"line":15,"column":38}}],"line":15},"1":{"loc":{"start":{"line":19,"column":4},"end":{"line":21,"column":null}},"type":"if","locations":[{"start":{"line":19,"column":4},"end":{"line":21,"column":null}},{"start":{},"end":{}}],"line":19},"2":{"loc":{"start":{"line":22,"column":4},"end":{"line":24,"column":null}},"type":"if","locations":[{"start":{"line":22,"column":4},"end":{"line":24,"column":null}},{"start":{},"end":{}}],"line":22},"3":{"loc":{"start":{"line":30,"column":8},"end":{"line":33,"column":null}},"type":"binary-expr","locations":[{"start":{"line":30,"column":8},"end":{"line":30,"column":null}},{"start":{"line":31,"column":8},"end":{"line":31,"column":null}},{"start":{"line":32,"column":8},"end":{"line":32,"column":null}},{"start":{"line":33,"column":8},"end":{"line":33,"column":null}}],"line":30},"4":{"loc":{"start":{"line":35,"column":6},"end":{"line":37,"column":null}},"type":"if","locations":[{"start":{"line":35,"column":6},"end":{"line":37,"column":null}},{"start":{},"end":{}}],"line":35},"5":{"loc":{"start":{"line":55,"column":4},"end":{"line":57,"column":null}},"type":"if","locations":[{"start":{"line":55,"column":4},"end":{"line":57,"column":null}},{"start":{},"end":{}}],"line":55},"6":{"loc":{"start":{"line":61,"column":4},"end":{"line":66,"column":null}},"type":"if","locations":[{"start":{"line":61,"column":4},"end":{"line":66,"column":null}},{"start":{},"end":{}}],"line":61},"7":{"loc":{"start":{"line":63,"column":6},"end":{"line":65,"column":null}},"type":"if","locations":[{"start":{"line":63,"column":6},"end":{"line":65,"column":null}},{"start":{},"end":{}}],"line":63}},"s":{"0":1,"1":1,"2":1,"3":1,"4":0,"5":0,"6":1,"7":1,"8":1,"9":0,"10":0,"11":0,"12":0,"13":1,"14":0,"15":0,"16":1,"17":1,"18":1,"19":0,"20":0,"21":1,"22":0,"23":0,"24":0,"25":1,"26":1,"27":1},"f":{"0":1,"1":0,"2":0,"3":0,"4":1,"5":0,"6":1,"7":1,"8":1},"b":{"0":[1],"1":[0,1],"2":[1,0],"3":[0,0,0,0],"4":[0,0],"5":[0,0],"6":[0,1],"7":[0,0]},"meta":{"lastBranch":8,"lastFunction":9,"lastStatement":28,"seen":{"f:15:2:15:14":0,"b:15:34:15:38":0,"s:16:4:16:Infinity":0,"s:17:4:17:Infinity":1,"s:18:4:18:Infinity":2,"b:19:4:21:Infinity:undefined:undefined:undefined:undefined":1,"s:19:4:21:Infinity":3,"s:20:6:20:Infinity":4,"f:20:49:20:57":1,"s:20:62:20:90":5,"b:22:4:24:Infinity:undefined:undefined:undefined:undefined":2,"s:22:4:24:Infinity":6,"s:23:6:23:Infinity":7,"s:27:4:38:Infinity":8,"f:27:33:27:43":2,"s:28:19:28:Infinity":9,"s:30:8:33:Infinity":10,"b:30:8:30:Infinity:31:8:31:Infinity:32:8:32:Infinity:33:8:33:Infinity":3,"b:35:6:37:Infinity:undefined:undefined:undefined:undefined":4,"s:35:6:37:Infinity":11,"s:36:8:36:Infinity":12,"s:41:4:44:Infinity":13,"f:41:33:41:44":3,"s:42:6:42:Infinity":14,"s:43:6:43:Infinity":15,"s:46:4:46:Infinity":16,"f:49:2:49:9":4,"s:50:4:50:Infinity":17,"s:51:4:51:Infinity":18,"f:54:2:54:9":5,"b:55:4:57:Infinity:undefined:undefined:undefined:undefined":5,"s:55:4:57:Infinity":19,"s:56:6:56:Infinity":20,"f:60:2:60:9":6,"b:61:4:66:Infinity:undefined:undefined:undefined:undefined":6,"s:61:4:66:Infinity":21,"s:62:6:62:Infinity":22,"b:63:6:65:Infinity:undefined:undefined:undefined:undefined":7,"s:63:6:65:Infinity":23,"s:64:8:64:Infinity":24,"f:69:2:69:9":7,"s:70:4:70:Infinity":25,"f:73:2:73:9":8,"s:74:4:74:Infinity":26,"s:75:4:75:Infinity":27}}}
,"/home/joaoc/programming/work/blecksCaveMinecraft/src/components/ui/sound.ts": {"path":"/home/joaoc/programming/work/blecksCaveMinecraft/src/components/ui/sound.ts","statementMap":{"0":{"start":{"line":5,"column":37},"end":{"line":5,"column":null}},"1":{"start":{"line":8,"column":2},"end":{"line":33,"column":null}},"2":{"start":{"line":9,"column":31},"end":{"line":9,"column":null}},"3":{"start":{"line":10,"column":4},"end":{"line":10,"column":null}},"4":{"start":{"line":10,"column":29},"end":{"line":10,"column":36}},"5":{"start":{"line":12,"column":4},"end":{"line":14,"column":null}},"6":{"start":{"line":13,"column":6},"end":{"line":13,"column":null}},"7":{"start":{"line":15,"column":16},"end":{"line":15,"column":null}},"8":{"start":{"line":16,"column":16},"end":{"line":16,"column":null}},"9":{"start":{"line":17,"column":17},"end":{"line":17,"column":null}},"10":{"start":{"line":19,"column":4},"end":{"line":19,"column":null}},"11":{"start":{"line":20,"column":4},"end":{"line":20,"column":null}},"12":{"start":{"line":21,"column":4},"end":{"line":21,"column":null}},"13":{"start":{"line":23,"column":4},"end":{"line":23,"column":null}},"14":{"start":{"line":24,"column":4},"end":{"line":24,"column":null}},"15":{"start":{"line":26,"column":4},"end":{"line":26,"column":null}},"16":{"start":{"line":27,"column":4},"end":{"line":27,"column":null}},"17":{"start":{"line":29,"column":4},"end":{"line":29,"column":null}},"18":{"start":{"line":30,"column":4},"end":{"line":30,"column":null}}},"fnMap":{"0":{"name":"playClickSound","decl":{"start":{"line":7,"column":16},"end":{"line":7,"column":39}},"loc":{"start":{"line":7,"column":39},"end":{"line":34,"column":null}},"line":7}},"branchMap":{"0":{"loc":{"start":{"line":9,"column":31},"end":{"line":9,"column":null}},"type":"binary-expr","locations":[{"start":{"line":9,"column":31},"end":{"line":9,"column":55}},{"start":{"line":9,"column":55},"end":{"line":9,"column":null}}],"line":9},"1":{"loc":{"start":{"line":10,"column":4},"end":{"line":10,"column":null}},"type":"if","locations":[{"start":{"line":10,"column":4},"end":{"line":10,"column":null}},{"start":{},"end":{}}],"line":10},"2":{"loc":{"start":{"line":12,"column":4},"end":{"line":14,"column":null}},"type":"if","locations":[{"start":{"line":12,"column":4},"end":{"line":14,"column":null}},{"start":{},"end":{}}],"line":12}},"s":{"0":1,"1":2,"2":2,"3":2,"4":0,"5":2,"6":1,"7":2,"8":2,"9":2,"10":2,"11":2,"12":2,"13":2,"14":2,"15":2,"16":2,"17":2,"18":2},"f":{"0":2},"b":{"0":[2,0],"1":[0,2],"2":[1,1]},"meta":{"lastBranch":3,"lastFunction":1,"lastStatement":19,"seen":{"s:5:37:5:Infinity":0,"f:7:16:7:39":0,"s:8:2:33:Infinity":1,"s:9:31:9:Infinity":2,"b:9:31:9:55:9:55:9:Infinity":0,"b:10:4:10:Infinity:undefined:undefined:undefined:undefined":1,"s:10:4:10:Infinity":3,"s:10:29:10:36":4,"b:12:4:14:Infinity:undefined:undefined:undefined:undefined":2,"s:12:4:14:Infinity":5,"s:13:6:13:Infinity":6,"s:15:16:15:Infinity":7,"s:16:16:16:Infinity":8,"s:17:17:17:Infinity":9,"s:19:4:19:Infinity":10,"s:20:4:20:Infinity":11,"s:21:4:21:Infinity":12,"s:23:4:23:Infinity":13,"s:24:4:24:Infinity":14,"s:26:4:26:Infinity":15,"s:27:4:27:Infinity":16,"s:29:4:29:Infinity":17,"s:30:4:30:Infinity":18}}}
,"/home/joaoc/programming/work/blecksCaveMinecraft/src/content/structure.json": {"path":"/home/joaoc/programming/work/blecksCaveMinecraft/src/content/structure.json","statementMap":{},"fnMap":{},"branchMap":{},"s":{},"f":{},"b":{},"meta":{"lastBranch":0,"lastFunction":0,"lastStatement":0,"seen":{}}}
,"/home/joaoc/programming/work/blecksCaveMinecraft/src/utils/icons.ts": {"path":"/home/joaoc/programming/work/blecksCaveMinecraft/src/utils/icons.ts","statementMap":{"0":{"start":{"line":1,"column":50},"end":{"line":7,"column":null}},"1":{"start":{"line":9,"column":50},"end":{"line":22,"column":null}},"2":{"start":{"line":24,"column":33},"end":{"line":24,"column":null}}},"fnMap":{},"branchMap":{},"s":{"0":1,"1":1,"2":1},"f":{},"b":{},"meta":{"lastBranch":0,"lastFunction":0,"lastStatement":3,"seen":{"s:1:50:7:Infinity":0,"s:9:50:22:Infinity":1,"s:24:33:24:Infinity":2}}}
,"/home/joaoc/programming/work/blecksCaveMinecraft/src/utils/markdown.ts": {"path":"/home/joaoc/programming/work/blecksCaveMinecraft/src/utils/markdown.ts","statementMap":{"0":{"start":{"line":6,"column":17},"end":{"line":6,"column":null}},"1":{"start":{"line":9,"column":0},"end":{"line":22,"column":null}},"2":{"start":{"line":10,"column":19},"end":{"line":10,"column":null}},"3":{"start":{"line":11,"column":2},"end":{"line":19,"column":null}},"4":{"start":{"line":25,"column":0},"end":{"line":29,"column":null}},"5":{"start":{"line":26,"column":17},"end":{"line":26,"column":null}},"6":{"start":{"line":27,"column":20},"end":{"line":27,"column":null}},"7":{"start":{"line":28,"column":2},"end":{"line":28,"column":null}},"8":{"start":{"line":32,"column":0},"end":{"line":34,"column":null}},"9":{"start":{"line":33,"column":2},"end":{"line":33,"column":null}},"10":{"start":{"line":37,"column":0},"end":{"line":59,"column":null}},"11":{"start":{"line":39,"column":19},"end":{"line":39,"column":null}},"12":{"start":{"line":40,"column":2},"end":{"line":46,"column":null}},"13":{"start":{"line":41,"column":4},"end":{"line":41,"column":null}},"14":{"start":{"line":42,"column":4},"end":{"line":44,"column":null}},"15":{"start":{"line":43,"column":6},"end":{"line":43,"column":null}},"16":{"start":{"line":45,"column":4},"end":{"line":45,"column":null}},"17":{"start":{"line":48,"column":17},"end":{"line":48,"column":null}},"18":{"start":{"line":49,"column":2},"end":{"line":55,"column":null}},"19":{"start":{"line":50,"column":4},"end":{"line":50,"column":null}},"20":{"start":{"line":51,"column":4},"end":{"line":53,"column":null}},"21":{"start":{"line":52,"column":6},"end":{"line":52,"column":null}},"22":{"start":{"line":54,"column":4},"end":{"line":54,"column":null}},"23":{"start":{"line":56,"column":2},"end":{"line":56,"column":null}},"24":{"start":{"line":58,"column":2},"end":{"line":58,"column":null}},"25":{"start":{"line":62,"column":0},"end":{"line":97,"column":null}},"26":{"start":{"line":65,"column":20},"end":{"line":65,"column":null}},"27":{"start":{"line":66,"column":16},"end":{"line":66,"column":null}},"28":{"start":{"line":68,"column":2},"end":{"line":74,"column":null}},"29":{"start":{"line":69,"column":4},"end":{"line":71,"column":null}},"30":{"start":{"line":70,"column":6},"end":{"line":70,"column":null}},"31":{"start":{"line":73,"column":4},"end":{"line":73,"column":null}},"32":{"start":{"line":76,"column":23},"end":{"line":76,"column":null}},"33":{"start":{"line":78,"column":2},"end":{"line":81,"column":null}},"34":{"start":{"line":79,"column":24},"end":{"line":79,"column":null}},"35":{"start":{"line":80,"column":4},"end":{"line":80,"column":null}},"36":{"start":{"line":82,"column":2},"end":{"line":85,"column":null}},"37":{"start":{"line":83,"column":24},"end":{"line":83,"column":null}},"38":{"start":{"line":84,"column":4},"end":{"line":84,"column":null}},"39":{"start":{"line":86,"column":2},"end":{"line":89,"column":null}},"40":{"start":{"line":87,"column":24},"end":{"line":87,"column":null}},"41":{"start":{"line":88,"column":4},"end":{"line":88,"column":null}},"42":{"start":{"line":92,"column":2},"end":{"line":94,"column":null}},"43":{"start":{"line":93,"column":4},"end":{"line":93,"column":null}},"44":{"start":{"line":96,"column":2},"end":{"line":96,"column":null}},"45":{"start":{"line":99,"column":0},"end":{"line":99,"column":null}},"46":{"start":{"line":107,"column":2},"end":{"line":112,"column":null}},"47":{"start":{"line":122,"column":2},"end":{"line":124,"column":null}},"48":{"start":{"line":123,"column":4},"end":{"line":123,"column":null}},"49":{"start":{"line":126,"column":18},"end":{"line":126,"column":null}},"50":{"start":{"line":127,"column":20},"end":{"line":138,"column":null}},"51":{"start":{"line":140,"column":2},"end":{"line":140,"column":null}}},"fnMap":{"0":{"name":"(anonymous_0)","decl":{"start":{"line":9,"column":16},"end":{"line":9,"column":25}},"loc":{"start":{"line":9,"column":50},"end":{"line":22,"column":null}},"line":9},"1":{"name":"(anonymous_1)","decl":{"start":{"line":25,"column":16},"end":{"line":25,"column":25}},"loc":{"start":{"line":25,"column":48},"end":{"line":29,"column":null}},"line":25},"2":{"name":"(anonymous_2)","decl":{"start":{"line":32,"column":17},"end":{"line":32,"column":26}},"loc":{"start":{"line":32,"column":49},"end":{"line":34,"column":null}},"line":32},"3":{"name":"(anonymous_3)","decl":{"start":{"line":37,"column":17},"end":{"line":37,"column":26}},"loc":{"start":{"line":37,"column":33},"end":{"line":59,"column":null}},"line":37},"4":{"name":"(anonymous_4)","decl":{"start":{"line":42,"column":17},"end":{"line":42,"column":25}},"loc":{"start":{"line":42,"column":33},"end":{"line":44,"column":5}},"line":42},"5":{"name":"(anonymous_5)","decl":{"start":{"line":49,"column":13},"end":{"line":49,"column":22}},"loc":{"start":{"line":49,"column":36},"end":{"line":55,"column":3}},"line":49},"6":{"name":"(anonymous_6)","decl":{"start":{"line":51,"column":8},"end":{"line":51,"column":16}},"loc":{"start":{"line":51,"column":24},"end":{"line":53,"column":5}},"line":51},"7":{"name":"(anonymous_7)","decl":{"start":{"line":62,"column":22},"end":{"line":62,"column":31}},"loc":{"start":{"line":62,"column":43},"end":{"line":97,"column":null}},"line":62},"8":{"name":"(anonymous_8)","decl":{"start":{"line":68,"column":9},"end":{"line":68,"column":17}},"loc":{"start":{"line":68,"column":26},"end":{"line":74,"column":3}},"line":68},"9":{"name":"escapeHtml","decl":{"start":{"line":106,"column":9},"end":{"line":106,"column":20}},"loc":{"start":{"line":106,"column":42},"end":{"line":113,"column":null}},"line":106},"10":{"name":"compileMarkdown","decl":{"start":{"line":121,"column":16},"end":{"line":121,"column":32}},"loc":{"start":{"line":121,"column":58},"end":{"line":141,"column":null}},"line":121}},"branchMap":{"0":{"loc":{"start":{"line":10,"column":19},"end":{"line":10,"column":null}},"type":"cond-expr","locations":[{"start":{"line":10,"column":29},"end":{"line":10,"column":36}},{"start":{"line":10,"column":36},"end":{"line":10,"column":null}}],"line":10},"1":{"loc":{"start":{"line":19,"column":35},"end":{"line":19,"column":55}},"type":"binary-expr","locations":[{"start":{"line":19,"column":35},"end":{"line":19,"column":43}},{"start":{"line":19,"column":43},"end":{"line":19,"column":55}}],"line":19},"2":{"loc":{"start":{"line":26,"column":17},"end":{"line":26,"column":null}},"type":"cond-expr","locations":[{"start":{"line":26,"column":43},"end":{"line":26,"column":79}},{"start":{"line":26,"column":79},"end":{"line":26,"column":null}}],"line":26},"3":{"loc":{"start":{"line":27,"column":20},"end":{"line":27,"column":null}},"type":"cond-expr","locations":[{"start":{"line":27,"column":28},"end":{"line":27,"column":50}},{"start":{"line":27,"column":50},"end":{"line":27,"column":null}}],"line":27},"4":{"loc":{"start":{"line":33,"column":36},"end":{"line":33,"column":47}},"type":"binary-expr","locations":[{"start":{"line":33,"column":36},"end":{"line":33,"column":44}},{"start":{"line":33,"column":44},"end":{"line":33,"column":47}}],"line":33},"5":{"loc":{"start":{"line":33,"column":58},"end":{"line":33,"column":70}},"type":"binary-expr","locations":[{"start":{"line":33,"column":58},"end":{"line":33,"column":67}},{"start":{"line":33,"column":67},"end":{"line":33,"column":70}}],"line":33},"6":{"loc":{"start":{"line":40,"column":2},"end":{"line":46,"column":null}},"type":"if","locations":[{"start":{"line":40,"column":2},"end":{"line":46,"column":null}},{"start":{},"end":{}}],"line":40},"7":{"loc":{"start":{"line":69,"column":4},"end":{"line":71,"column":null}},"type":"if","locations":[{"start":{"line":69,"column":4},"end":{"line":71,"column":null}},{"start":{},"end":{}}],"line":69},"8":{"loc":{"start":{"line":78,"column":2},"end":{"line":81,"column":null}},"type":"if","locations":[{"start":{"line":78,"column":2},"end":{"line":81,"column":null}},{"start":{},"end":{}}],"line":78},"9":{"loc":{"start":{"line":82,"column":2},"end":{"line":85,"column":null}},"type":"if","locations":[{"start":{"line":82,"column":2},"end":{"line":85,"column":null}},{"start":{},"end":{}}],"line":82},"10":{"loc":{"start":{"line":86,"column":2},"end":{"line":89,"column":null}},"type":"if","locations":[{"start":{"line":86,"column":2},"end":{"line":89,"column":null}},{"start":{},"end":{}}],"line":86},"11":{"loc":{"start":{"line":92,"column":2},"end":{"line":94,"column":null}},"type":"if","locations":[{"start":{"line":92,"column":2},"end":{"line":94,"column":null}},{"start":{},"end":{}}],"line":92},"12":{"loc":{"start":{"line":92,"column":6},"end":{"line":92,"column":102}},"type":"binary-expr","locations":[{"start":{"line":92,"column":6},"end":{"line":92,"column":52}},{"start":{"line":92,"column":52},"end":{"line":92,"column":102}}],"line":92},"13":{"loc":{"start":{"line":122,"column":2},"end":{"line":124,"column":null}},"type":"if","locations":[{"start":{"line":122,"column":2},"end":{"line":124,"column":null}},{"start":{},"end":{}}],"line":122}},"s":{"0":1,"1":1,"2":1,"3":1,"4":1,"5":1,"6":1,"7":1,"8":1,"9":1,"10":1,"11":1,"12":1,"13":1,"14":1,"15":2,"16":1,"17":1,"18":1,"19":1,"20":1,"21":2,"22":1,"23":1,"24":1,"25":1,"26":4,"27":4,"28":4,"29":4,"30":4,"31":4,"32":4,"33":4,"34":1,"35":1,"36":3,"37":1,"38":1,"39":2,"40":1,"41":1,"42":1,"43":1,"44":0,"45":1,"46":1,"47":15,"48":0,"49":15,"50":15,"51":15},"f":{"0":1,"1":1,"2":1,"3":1,"4":2,"5":1,"6":2,"7":4,"8":4,"9":1,"10":15},"b":{"0":[0,1],"1":[1,0],"2":[1,0],"3":[0,1],"4":[1,0],"5":[1,1],"6":[1,0],"7":[4,0],"8":[1,3],"9":[1,2],"10":[1,1],"11":[1,0],"12":[1,0],"13":[0,15]},"meta":{"lastBranch":14,"lastFunction":11,"lastStatement":52,"seen":{"s:6:17:6:Infinity":0,"s:9:0:22:Infinity":1,"f:9:16:9:25":0,"s:10:19:10:Infinity":2,"b:10:29:10:36:10:36:10:Infinity":0,"s:11:2:19:Infinity":3,"b:19:35:19:43:19:43:19:55":1,"s:25:0:29:Infinity":4,"f:25:16:25:25":1,"s:26:17:26:Infinity":5,"b:26:43:26:79:26:79:26:Infinity":2,"s:27:20:27:Infinity":6,"b:27:28:27:50:27:50:27:Infinity":3,"s:28:2:28:Infinity":7,"s:32:0:34:Infinity":8,"f:32:17:32:26":2,"s:33:2:33:Infinity":9,"b:33:36:33:44:33:44:33:47":4,"b:33:58:33:67:33:67:33:70":5,"s:37:0:59:Infinity":10,"f:37:17:37:26":3,"s:39:19:39:Infinity":11,"b:40:2:46:Infinity:undefined:undefined:undefined:undefined":6,"s:40:2:46:Infinity":12,"s:41:4:41:Infinity":13,"s:42:4:44:Infinity":14,"f:42:17:42:25":4,"s:43:6:43:Infinity":15,"s:45:4:45:Infinity":16,"s:48:17:48:Infinity":17,"s:49:2:55:Infinity":18,"f:49:13:49:22":5,"s:50:4:50:Infinity":19,"s:51:4:53:Infinity":20,"f:51:8:51:16":6,"s:52:6:52:Infinity":21,"s:54:4:54:Infinity":22,"s:56:2:56:Infinity":23,"s:58:2:58:Infinity":24,"s:62:0:97:Infinity":25,"f:62:22:62:31":7,"s:65:20:65:Infinity":26,"s:66:16:66:Infinity":27,"s:68:2:74:Infinity":28,"f:68:9:68:17":8,"b:69:4:71:Infinity:undefined:undefined:undefined:undefined":7,"s:69:4:71:Infinity":29,"s:70:6:70:Infinity":30,"s:73:4:73:Infinity":31,"s:76:23:76:Infinity":32,"b:78:2:81:Infinity:undefined:undefined:undefined:undefined":8,"s:78:2:81:Infinity":33,"s:79:24:79:Infinity":34,"s:80:4:80:Infinity":35,"b:82:2:85:Infinity:undefined:undefined:undefined:undefined":9,"s:82:2:85:Infinity":36,"s:83:24:83:Infinity":37,"s:84:4:84:Infinity":38,"b:86:2:89:Infinity:undefined:undefined:undefined:undefined":10,"s:86:2:89:Infinity":39,"s:87:24:87:Infinity":40,"s:88:4:88:Infinity":41,"b:92:2:94:Infinity:undefined:undefined:undefined:undefined":11,"s:92:2:94:Infinity":42,"b:92:6:92:52:92:52:92:102":12,"s:93:4:93:Infinity":43,"s:96:2:96:Infinity":44,"s:99:0:99:Infinity":45,"f:106:9:106:20":9,"s:107:2:112:Infinity":46,"f:121:16:121:32":10,"b:122:2:124:Infinity:undefined:undefined:undefined:undefined":13,"s:122:2:124:Infinity":47,"s:123:4:123:Infinity":48,"s:126:18:126:Infinity":49,"s:127:20:138:Infinity":50,"s:140:2:140:Infinity":51}}}
}
